<?xml version="1.0" encoding="UTF-8"?>
<testng-results ignored="0" total="1" passed="1" failed="0" skipped="0">
  <reporter-output>
  </reporter-output>
  <suite started-at="2023-06-20T18:24:16 IDT" name="Default suite" finished-at="2023-06-20T18:24:35 IDT" duration-ms="19470">
    <groups>
    </groups>
    <test started-at="2023-06-20T18:24:16 IDT" name="Default test" finished-at="2023-06-20T18:24:35 IDT" duration-ms="19470">
      <class name="tests.basic.MyAppiumTestExamle">
        <test-method is-config="true" signature="init()[pri:0, instance:tests.basic.MyAppiumTestExamle@19d481b]" started-at="2023-06-20T18:24:16 IDT" name="init" finished-at="2023-06-20T18:24:28 IDT" duration-ms="12101" status="PASS">
          <reporter-output>
          </reporter-output>
        </test-method> <!-- init -->
        <test-method signature="test()[pri:0, instance:tests.basic.MyAppiumTestExamle@19d481b]" started-at="2023-06-20T18:24:28 IDT" name="test" finished-at="2023-06-20T18:24:35 IDT" duration-ms="6860" status="PASS">
          <reporter-output>
          </reporter-output>
        </test-method> <!-- test -->
        <test-method is-config="true" signature="tearDown()[pri:0, instance:tests.basic.MyAppiumTestExamle@19d481b]" started-at="2023-06-20T18:24:35 IDT" name="tearDown" finished-at="2023-06-20T18:24:35 IDT" duration-ms="475" status="PASS">
          <reporter-output>
          </reporter-output>
        </test-method> <!-- tearDown -->
      </class> <!-- tests.basic.MyAppiumTestExamle -->
    </test> <!-- Default test -->
  </suite> <!-- Default suite -->
</testng-results>
